<?xml version="1.0" encoding="UTF-8"?>
<testsuite xmlns:xsi="http://www.w3.org/2001/XMLSchema-instance" xsi:noNamespaceSchemaLocation="https://maven.apache.org/surefire/maven-surefire-plugin/xsd/surefire-test-report.xsd" name="com.magmatranslation.xliffconverter.cli.AppTest" time="0.093" tests="1" errors="0" skipped="0" failures="0">
  <properties>
    <property name="java.specification.version" value="22"/>
    <property name="sun.cpu.isalist" value="amd64"/>
    <property name="sun.jnu.encoding" value="Cp1252"/>
    <property name="java.class.path" value="C:\Users\jacoa\Desktop\java\xliff-converter\target\test-classes;C:\Users\jacoa\Desktop\java\xliff-converter\target\classes;C:\Users\jacoa\.m2\repository\junit\junit\4.11\junit-4.11.jar;C:\Users\jacoa\.m2\repository\org\hamcrest\hamcrest-core\1.3\hamcrest-core-1.3.jar;C:\Users\jacoa\.m2\repository\net\sf\okapi\okapi-core\1.47.0\okapi-core-1.47.0.jar;C:\Users\jacoa\.m2\repository\com\ibm\icu\icu4j\74.2\icu4j-74.2.jar;C:\Users\jacoa\.m2\repository\org\slf4j\slf4j-api\2.0.9\slf4j-api-2.0.9.jar;C:\Users\jacoa\.m2\repository\net\sf\okapi\filters\okapi-filter-openxml\1.47.0\okapi-filter-openxml-1.47.0.jar;C:\Users\jacoa\.m2\repository\net\sf\okapi\filters\okapi-filter-abstractmarkup\1.47.0\okapi-filter-abstractmarkup-1.47.0.jar;C:\Users\jacoa\.m2\repository\net\htmlparser\jericho\jericho-html\3.4\jericho-html-3.4.jar;C:\Users\jacoa\.m2\repository\org\snakeyaml\snakeyaml-engine\2.7\snakeyaml-engine-2.7.jar;C:\Users\jacoa\.m2\repository\com\fasterxml\woodstox\woodstox-core\6.5.1\woodstox-core-6.5.1.jar;C:\Users\jacoa\.m2\repository\org\codehaus\woodstox\stax2-api\4.2.1\stax2-api-4.2.1.jar;C:\Users\jacoa\.m2\repository\com\twelvemonkeys\common\common-io\3.10.1\common-io-3.10.1.jar;C:\Users\jacoa\.m2\repository\com\twelvemonkeys\common\common-lang\3.10.1\common-lang-3.10.1.jar;C:\Users\jacoa\.m2\repository\net\sf\okapi\lib\okapi-lib-segmentation\1.47.0\okapi-lib-segmentation-1.47.0.jar;C:\Users\jacoa\.m2\repository\net\sf\okapi\filters\okapi-filter-xliff\1.47.0\okapi-filter-xliff-1.47.0.jar;"/>
    <property name="java.vm.vendor" value="Oracle Corporation"/>
    <property name="sun.arch.data.model" value="64"/>
    <property name="user.variant" value=""/>
    <property name="java.vendor.url" value="https://java.oracle.com/"/>
    <property name="user.timezone" value="America/Sao_Paulo"/>
    <property name="os.name" value="Windows 11"/>
    <property name="java.vm.specification.version" value="22"/>
    <property name="sun.java.launcher" value="SUN_STANDARD"/>
    <property name="user.country" value="BR"/>
    <property name="sun.boot.library.path" value="C:\Program Files\Java\jdk-22\bin"/>
    <property name="sun.java.command" value="C:\Users\jacoa\AppData\Local\Temp\surefire11640272389122217121\surefirebooter16363427718467865540.jar C:\Users\jacoa\AppData\Local\Temp\surefire11640272389122217121 2025-06-04T09-50-19_036-jvmRun1 surefire8469360597731022870tmp surefire_013502961055098754150tmp"/>
    <property name="jdk.debug" value="release"/>
    <property name="surefire.test.class.path" value="C:\Users\jacoa\Desktop\java\xliff-converter\target\test-classes;C:\Users\jacoa\Desktop\java\xliff-converter\target\classes;C:\Users\jacoa\.m2\repository\junit\junit\4.11\junit-4.11.jar;C:\Users\jacoa\.m2\repository\org\hamcrest\hamcrest-core\1.3\hamcrest-core-1.3.jar;C:\Users\jacoa\.m2\repository\net\sf\okapi\okapi-core\1.47.0\okapi-core-1.47.0.jar;C:\Users\jacoa\.m2\repository\com\ibm\icu\icu4j\74.2\icu4j-74.2.jar;C:\Users\jacoa\.m2\repository\org\slf4j\slf4j-api\2.0.9\slf4j-api-2.0.9.jar;C:\Users\jacoa\.m2\repository\net\sf\okapi\filters\okapi-filter-openxml\1.47.0\okapi-filter-openxml-1.47.0.jar;C:\Users\jacoa\.m2\repository\net\sf\okapi\filters\okapi-filter-abstractmarkup\1.47.0\okapi-filter-abstractmarkup-1.47.0.jar;C:\Users\jacoa\.m2\repository\net\htmlparser\jericho\jericho-html\3.4\jericho-html-3.4.jar;C:\Users\jacoa\.m2\repository\org\snakeyaml\snakeyaml-engine\2.7\snakeyaml-engine-2.7.jar;C:\Users\jacoa\.m2\repository\com\fasterxml\woodstox\woodstox-core\6.5.1\woodstox-core-6.5.1.jar;C:\Users\jacoa\.m2\repository\org\codehaus\woodstox\stax2-api\4.2.1\stax2-api-4.2.1.jar;C:\Users\jacoa\.m2\repository\com\twelvemonkeys\common\common-io\3.10.1\common-io-3.10.1.jar;C:\Users\jacoa\.m2\repository\com\twelvemonkeys\common\common-lang\3.10.1\common-lang-3.10.1.jar;C:\Users\jacoa\.m2\repository\net\sf\okapi\lib\okapi-lib-segmentation\1.47.0\okapi-lib-segmentation-1.47.0.jar;C:\Users\jacoa\.m2\repository\net\sf\okapi\filters\okapi-filter-xliff\1.47.0\okapi-filter-xliff-1.47.0.jar;"/>
    <property name="sun.cpu.endian" value="little"/>
    <property name="user.home" value="C:\Users\jacoa"/>
    <property name="user.language" value="pt"/>
    <property name="java.specification.vendor" value="Oracle Corporation"/>
    <property name="java.version.date" value="2024-07-16"/>
    <property name="java.home" value="C:\Program Files\Java\jdk-22"/>
    <property name="file.separator" value="\"/>
    <property name="basedir" value="C:\Users\jacoa\Desktop\java\xliff-converter"/>
    <property name="java.vm.compressedOopsMode" value="Zero based"/>
    <property name="line.separator" value="&#10;"/>
    <property name="java.vm.specification.vendor" value="Oracle Corporation"/>
    <property name="java.specification.name" value="Java Platform API Specification"/>
    <property name="surefire.real.class.path" value="C:\Users\jacoa\AppData\Local\Temp\surefire11640272389122217121\surefirebooter16363427718467865540.jar"/>
    <property name="user.script" value=""/>
    <property name="sun.management.compiler" value="HotSpot 64-Bit Tiered Compilers"/>
    <property name="java.runtime.version" value="22.0.2+9-70"/>
    <property name="user.name" value="jacoa"/>
    <property name="stdout.encoding" value="Cp1252"/>
    <property name="path.separator" value=";"/>
    <property name="os.version" value="10.0"/>
    <property name="java.runtime.name" value="Java(TM) SE Runtime Environment"/>
    <property name="file.encoding" value="UTF-8"/>
    <property name="java.vm.name" value="Java HotSpot(TM) 64-Bit Server VM"/>
    <property name="localRepository" value="C:\Users\jacoa\.m2\repository"/>
    <property name="java.vendor.url.bug" value="https://bugreport.java.com/bugreport/"/>
    <property name="java.io.tmpdir" value="C:\Users\jacoa\AppData\Local\Temp\"/>
    <property name="java.version" value="22.0.2"/>
    <property name="user.dir" value="C:\Users\jacoa\Desktop\java\xliff-converter"/>
    <property name="os.arch" value="amd64"/>
    <property name="java.vm.specification.name" value="Java Virtual Machine Specification"/>
    <property name="sun.os.patch.level" value=""/>
    <property name="native.encoding" value="Cp1252"/>
    <property name="java.library.path" value="C:\Program Files\Java\jdk-22\bin;C:\windows\Sun\Java\bin;C:\windows\system32;C:\windows;C:\Program Files\Common Files\Oracle\Java\javapath;C:\windows\system32;C:\windows;C:\windows\System32\Wbem;C:\windows\System32\WindowsPowerShell\v1.0\;C:\windows\System32\OpenSSH\;C:\Program Files\Git\cmd;C:\Program Files\Microsoft SQL Server\150\Tools\Binn\;C:\Program Files\Microsoft SQL Server\Client SDK\ODBC\170\Tools\Binn\;C:\Program Files\dotnet\;C:\Program Files (x86)\Windows Kits\10\Windows Performance Toolkit\;C:\Users\jacoa\AppData\Roaming\nvm;C:\Program Files\nodejs;C:\Program Files\Docker\Docker\resources\bin;C:\Users\jacoa\AppData\Local\Programs\Python\Python312\Scripts\;C:\Users\jacoa\AppData\Local\Programs\Python\Python312\;C:\Users\jacoa\AppData\Local\Programs\Python\Launcher\;C:\Users\jacoa\AppData\Local\Microsoft\WindowsApps;C:\Users\jacoa\AppData\Local\Programs\Microsoft VS Code\bin;C:\Users\jacoa\AppData\Local\Google\Cloud SDK\google-cloud-sdk\bin;C:\Program Files\heroku\bin;C:\Users\jacoa\.dotnet\tools;C:\Program Files\Microsoft Visual Studio\2022\Community\VC\Tools\MSVC\14.40.33807\bin\Hostx64\x86\dumpbin.exe;C:\Users\jacoa\AppData\Roaming\npm;C:\Users\jacoa\AppData\Roaming\nvm;C:\Program Files\nodejs;C:\maven\bin;;c:\Users\jacoa\AppData\Roaming\Code\User\globalStorage\github.copilot-chat\debugCommand;."/>
    <property name="java.vm.info" value="mixed mode, sharing"/>
    <property name="stderr.encoding" value="Cp1252"/>
    <property name="java.vendor" value="Oracle Corporation"/>
    <property name="java.vm.version" value="22.0.2+9-70"/>
    <property name="sun.io.unicode.encoding" value="UnicodeLittle"/>
    <property name="java.class.version" value="66.0"/>
  </properties>
  <testcase name="shouldAnswerWithTrue" classname="com.magmatranslation.xliffconverter.cli.AppTest" time="0.007"/>
</testsuite>